<?xml version="1.0" encoding="UTF-8"?>
<!-- Generated by org.testng.reporters.JUnitReportReporter -->
<testsuite hostname="DESKTOP-CRHJTDS" failures="0" tests="1" name="com.qalegend.pages.HomePage" time="0.067" errors="0" timestamp="2023-04-18T12:17:10 IST" skipped="0">
  <testcase classname="com.qalegend.pages.HomePage" name="methodFrame" time="0.067"/>
  <system-out/>
</testsuite> <!-- com.qalegend.pages.HomePage -->
