<?xml version="1.0" encoding="UTF-8"?>
<!-- Generated by org.testng.reporters.JUnitReportReporter -->
<testsuite hostname="DESKTOP-CRHJTDS" failures="0" tests="1" name="com.qalegend.testscript.HomeTest" time="10.960" errors="0" timestamp="2023-05-07T21:40:40 IST" skipped="0">
  <testcase classname="com.qalegend.testscript.HomeTest" name="userManagment" time="10.960"/>
  <system-out/>
</testsuite> <!-- com.qalegend.testscript.HomeTest -->
